<?xml version="1.0" encoding="UTF-8"?>
<testng-results ignored="0" total="1" passed="1" failed="0" skipped="0">
  <reporter-output>
  </reporter-output>
  <suite started-at="2020-06-05T20:19:20 IST" name="Suite1" finished-at="2020-06-05T20:20:27 IST" duration-ms="66707">
    <groups>
    </groups>
    <test started-at="2020-06-05T20:19:20 IST" name="TestOnFirefox" finished-at="2020-06-05T20:20:27 IST" duration-ms="66707">
      <class name="multibrowser.TestNGMultibrowserDemo">
        <test-method is-config="true" signature="browserSetUp(java.lang.String)[pri:0, instance:multibrowser.TestNGMultibrowserDemo@778d1062]" started-at="2020-06-05T20:19:20 IST" name="browserSetUp" finished-at="2020-06-05T20:20:10 IST" duration-ms="50006" status="PASS">
          <params>
            <param index="0">
              <value>
                <![CDATA[firefox]]>
              </value>
            </param>
          </params>
          <reporter-output>
          </reporter-output>
        </test-method> <!-- browserSetUp -->
        <test-method signature="test()[pri:0, instance:multibrowser.TestNGMultibrowserDemo@778d1062]" started-at="2020-06-05T20:20:10 IST" name="test" finished-at="2020-06-05T20:20:15 IST" duration-ms="4062" status="PASS">
          <reporter-output>
          </reporter-output>
        </test-method> <!-- test -->
        <test-method is-config="true" signature="teraDown()[pri:0, instance:multibrowser.TestNGMultibrowserDemo@778d1062]" started-at="2020-06-05T20:20:15 IST" name="teraDown" finished-at="2020-06-05T20:20:27 IST" duration-ms="12605" status="PASS">
          <reporter-output>
          </reporter-output>
        </test-method> <!-- teraDown -->
      </class> <!-- multibrowser.TestNGMultibrowserDemo -->
    </test> <!-- TestOnFirefox -->
  </suite> <!-- Suite1 -->
</testng-results>
